<?xml version="1.0" encoding="UTF-8"?>
<!-- Generated by org.testng.reporters.JUnitReportReporter -->
<testsuite skipped="0" hostname="AC-pvivian.local" name="CalculatorTest" tests="1" failures="0" timestamp="11 May 2020 15:53:28 GMT" time="3.586" errors="0">
  <testcase name="testSumOfPositiveNumbers" time="3.586" classname="CalculatorTest"/>
</testsuite> <!-- CalculatorTest -->
